2023-11-11 00:00:03.867 INFO  [http-nio-8085-exec-1] [o.a.c.c.C.[Tomcat].[localhost].[/]] - Initializing Spring DispatcherServlet 'dispatcherServlet'
2023-11-11 00:00:03.872 INFO  [http-nio-8085-exec-1] [o.s.web.servlet.DispatcherServlet] - Initializing Servlet 'dispatcherServlet'
2023-11-11 00:00:03.876 INFO  [http-nio-8085-exec-1] [o.s.web.servlet.DispatcherServlet] - Completed initialization in 4 ms
2023-11-11 00:00:03.969 INFO  [http-nio-8085-exec-1] [com.zaxxer.hikari.HikariDataSource] - HikariPool-1 - Starting...
2023-11-11 00:00:04.049 INFO  [http-nio-8085-exec-1] [com.zaxxer.hikari.HikariDataSource] - HikariPool-1 - Start completed.
2023-11-11 00:01:24.587 INFO  [SpringApplicationShutdownHook] [com.zaxxer.hikari.HikariDataSource] - HikariPool-1 - Shutdown initiated...
2023-11-11 00:01:24.592 INFO  [SpringApplicationShutdownHook] [com.zaxxer.hikari.HikariDataSource] - HikariPool-1 - Shutdown completed.
2023-11-11 00:01:28.064 INFO  [restartedMain] [com.chunjae.test06.Test06Application] - Starting Test06Application using Java 17.0.8 on otaehun-ui-MacBookAir.local with PID 2069 (/Users/otaehun/Desktop/chunjae_pro/5차 개인 프로젝트/LegoNego_Proj05/build/classes/java/main started by otaehun in /Users/otaehun/Desktop/chunjae_pro/5차 개인 프로젝트/LegoNego_Proj05)
2023-11-11 00:01:28.073 INFO  [restartedMain] [com.chunjae.test06.Test06Application] - No active profile set, falling back to 1 default profile: "default"
2023-11-11 00:01:28.122 INFO  [restartedMain] [o.s.b.d.e.DevToolsPropertyDefaultsPostProcessor] - Devtools property defaults active! Set 'spring.devtools.add-properties' to 'false' to disable
2023-11-11 00:01:28.122 INFO  [restartedMain] [o.s.b.d.e.DevToolsPropertyDefaultsPostProcessor] - For additional web related logging consider setting the 'logging.level.web' property to 'DEBUG'
2023-11-11 00:01:29.483 INFO  [restartedMain] [o.s.b.w.embedded.tomcat.TomcatWebServer] - Tomcat initialized with port(s): 8085 (http)
2023-11-11 00:01:29.488 INFO  [restartedMain] [o.apache.coyote.http11.Http11NioProtocol] - Initializing ProtocolHandler ["http-nio-8085"]
2023-11-11 00:01:29.489 INFO  [restartedMain] [org.apache.catalina.core.StandardService] - Starting service [Tomcat]
2023-11-11 00:01:29.490 INFO  [restartedMain] [org.apache.catalina.core.StandardEngine] - Starting Servlet engine: [Apache Tomcat/9.0.82]
2023-11-11 00:01:29.731 INFO  [restartedMain] [org.apache.jasper.servlet.TldScanner] - At least one JAR was scanned for TLDs yet contained no TLDs. Enable debug logging for this logger for a complete list of JARs that were scanned but no TLDs were found in them. Skipping unneeded JARs during scanning can improve startup time and JSP compilation time.
2023-11-11 00:01:29.735 INFO  [restartedMain] [o.a.c.c.C.[Tomcat].[localhost].[/]] - Initializing Spring embedded WebApplicationContext
2023-11-11 00:01:29.735 INFO  [restartedMain] [o.s.b.w.s.c.ServletWebServerApplicationContext] - Root WebApplicationContext: initialization completed in 1612 ms
2023-11-11 00:01:30.390 INFO  [restartedMain] [o.s.b.a.w.s.WelcomePageHandlerMapping] - Adding welcome page template: index
2023-11-11 00:01:30.601 INFO  [restartedMain] [o.s.s.web.DefaultSecurityFilterChain] - Will secure any request with [org.springframework.security.web.session.DisableEncodeUrlFilter@392e378e, org.springframework.security.web.context.request.async.WebAsyncManagerIntegrationFilter@59e4b84c, org.springframework.security.web.context.SecurityContextPersistenceFilter@c0f7fb7, org.springframework.security.web.header.HeaderWriterFilter@661003ae, org.springframework.security.web.authentication.logout.LogoutFilter@2165fd10, org.springframework.security.web.authentication.UsernamePasswordAuthenticationFilter@20f81a55, org.springframework.security.web.session.ConcurrentSessionFilter@5eb436e6, org.springframework.security.web.savedrequest.RequestCacheAwareFilter@399285ef, org.springframework.security.web.servletapi.SecurityContextHolderAwareRequestFilter@49307d14, org.springframework.security.web.authentication.AnonymousAuthenticationFilter@12f94ae0, org.springframework.security.web.session.SessionManagementFilter@6e259203, org.springframework.security.web.access.ExceptionTranslationFilter@709e9ddc, org.springframework.security.web.access.intercept.FilterSecurityInterceptor@5c5b3179]
2023-11-11 00:01:30.785 INFO  [restartedMain] [o.s.b.d.a.OptionalLiveReloadServer] - LiveReload server is running on port 35729
2023-11-11 00:01:30.813 INFO  [restartedMain] [o.apache.coyote.http11.Http11NioProtocol] - Starting ProtocolHandler ["http-nio-8085"]
2023-11-11 00:01:30.833 INFO  [restartedMain] [o.s.b.w.embedded.tomcat.TomcatWebServer] - Tomcat started on port(s): 8085 (http) with context path ''
2023-11-11 00:01:30.847 INFO  [restartedMain] [com.chunjae.test06.Test06Application] - Started Test06Application in 3.152 seconds (JVM running for 4.051)
2023-11-11 00:01:36.548 INFO  [http-nio-8085-exec-1] [o.a.c.c.C.[Tomcat].[localhost].[/]] - Initializing Spring DispatcherServlet 'dispatcherServlet'
2023-11-11 00:01:36.549 INFO  [http-nio-8085-exec-1] [o.s.web.servlet.DispatcherServlet] - Initializing Servlet 'dispatcherServlet'
2023-11-11 00:01:36.551 INFO  [http-nio-8085-exec-1] [o.s.web.servlet.DispatcherServlet] - Completed initialization in 2 ms
2023-11-11 00:01:36.620 INFO  [http-nio-8085-exec-1] [com.zaxxer.hikari.HikariDataSource] - HikariPool-1 - Starting...
2023-11-11 00:01:36.676 INFO  [http-nio-8085-exec-1] [com.zaxxer.hikari.HikariDataSource] - HikariPool-1 - Start completed.
2023-11-11 00:03:30.309 INFO  [SpringApplicationShutdownHook] [com.zaxxer.hikari.HikariDataSource] - HikariPool-1 - Shutdown initiated...
2023-11-11 00:03:30.324 INFO  [SpringApplicationShutdownHook] [com.zaxxer.hikari.HikariDataSource] - HikariPool-1 - Shutdown completed.
2023-11-11 00:03:33.125 INFO  [restartedMain] [com.chunjae.test06.Test06Application] - Starting Test06Application using Java 17.0.8 on otaehun-ui-MacBookAir.local with PID 2081 (/Users/otaehun/Desktop/chunjae_pro/5차 개인 프로젝트/LegoNego_Proj05/build/classes/java/main started by otaehun in /Users/otaehun/Desktop/chunjae_pro/5차 개인 프로젝트/LegoNego_Proj05)
2023-11-11 00:03:33.127 INFO  [restartedMain] [com.chunjae.test06.Test06Application] - No active profile set, falling back to 1 default profile: "default"
2023-11-11 00:03:33.167 INFO  [restartedMain] [o.s.b.d.e.DevToolsPropertyDefaultsPostProcessor] - Devtools property defaults active! Set 'spring.devtools.add-properties' to 'false' to disable
2023-11-11 00:03:33.167 INFO  [restartedMain] [o.s.b.d.e.DevToolsPropertyDefaultsPostProcessor] - For additional web related logging consider setting the 'logging.level.web' property to 'DEBUG'
2023-11-11 00:03:34.488 INFO  [restartedMain] [o.s.b.w.embedded.tomcat.TomcatWebServer] - Tomcat initialized with port(s): 8085 (http)
2023-11-11 00:03:34.494 INFO  [restartedMain] [o.apache.coyote.http11.Http11NioProtocol] - Initializing ProtocolHandler ["http-nio-8085"]
2023-11-11 00:03:34.495 INFO  [restartedMain] [org.apache.catalina.core.StandardService] - Starting service [Tomcat]
2023-11-11 00:03:34.495 INFO  [restartedMain] [org.apache.catalina.core.StandardEngine] - Starting Servlet engine: [Apache Tomcat/9.0.82]
2023-11-11 00:03:34.730 INFO  [restartedMain] [org.apache.jasper.servlet.TldScanner] - At least one JAR was scanned for TLDs yet contained no TLDs. Enable debug logging for this logger for a complete list of JARs that were scanned but no TLDs were found in them. Skipping unneeded JARs during scanning can improve startup time and JSP compilation time.
2023-11-11 00:03:34.734 INFO  [restartedMain] [o.a.c.c.C.[Tomcat].[localhost].[/]] - Initializing Spring embedded WebApplicationContext
2023-11-11 00:03:34.734 INFO  [restartedMain] [o.s.b.w.s.c.ServletWebServerApplicationContext] - Root WebApplicationContext: initialization completed in 1566 ms
2023-11-11 00:03:35.403 INFO  [restartedMain] [o.s.b.a.w.s.WelcomePageHandlerMapping] - Adding welcome page template: index
2023-11-11 00:03:35.621 INFO  [restartedMain] [o.s.s.web.DefaultSecurityFilterChain] - Will secure any request with [org.springframework.security.web.session.DisableEncodeUrlFilter@1636a6de, org.springframework.security.web.context.request.async.WebAsyncManagerIntegrationFilter@65cd1392, org.springframework.security.web.context.SecurityContextPersistenceFilter@3ea122ac, org.springframework.security.web.header.HeaderWriterFilter@179715a6, org.springframework.security.web.authentication.logout.LogoutFilter@3dce586b, org.springframework.security.web.authentication.UsernamePasswordAuthenticationFilter@5bb507a5, org.springframework.security.web.session.ConcurrentSessionFilter@1b154459, org.springframework.security.web.savedrequest.RequestCacheAwareFilter@3c7ae92e, org.springframework.security.web.servletapi.SecurityContextHolderAwareRequestFilter@409de41e, org.springframework.security.web.authentication.AnonymousAuthenticationFilter@d509baa, org.springframework.security.web.session.SessionManagementFilter@20940d04, org.springframework.security.web.access.ExceptionTranslationFilter@cd3691a, org.springframework.security.web.access.intercept.FilterSecurityInterceptor@23438546]
2023-11-11 00:03:35.782 INFO  [restartedMain] [o.s.b.d.a.OptionalLiveReloadServer] - LiveReload server is running on port 35729
2023-11-11 00:03:35.805 INFO  [restartedMain] [o.apache.coyote.http11.Http11NioProtocol] - Starting ProtocolHandler ["http-nio-8085"]
2023-11-11 00:03:35.825 INFO  [restartedMain] [o.s.b.w.embedded.tomcat.TomcatWebServer] - Tomcat started on port(s): 8085 (http) with context path ''
2023-11-11 00:03:35.839 INFO  [restartedMain] [com.chunjae.test06.Test06Application] - Started Test06Application in 3.095 seconds (JVM running for 3.986)
2023-11-11 00:04:09.024 INFO  [http-nio-8085-exec-1] [o.a.c.c.C.[Tomcat].[localhost].[/]] - Initializing Spring DispatcherServlet 'dispatcherServlet'
2023-11-11 00:04:09.025 INFO  [http-nio-8085-exec-1] [o.s.web.servlet.DispatcherServlet] - Initializing Servlet 'dispatcherServlet'
2023-11-11 00:04:09.028 INFO  [http-nio-8085-exec-1] [o.s.web.servlet.DispatcherServlet] - Completed initialization in 3 ms
2023-11-11 00:04:09.094 INFO  [http-nio-8085-exec-1] [com.zaxxer.hikari.HikariDataSource] - HikariPool-1 - Starting...
2023-11-11 00:04:09.158 INFO  [http-nio-8085-exec-1] [com.zaxxer.hikari.HikariDataSource] - HikariPool-1 - Start completed.
2023-11-11 01:03:45.739 WARN  [HikariPool-1 housekeeper] [com.zaxxer.hikari.pool.HikariPool] - HikariPool-1 - Thread starvation or clock leap detected (housekeeper delta=57m36s463ms).
2023-11-11 01:33:06.409 WARN  [HikariPool-1 housekeeper] [com.zaxxer.hikari.pool.HikariPool] - HikariPool-1 - Thread starvation or clock leap detected (housekeeper delta=29m20s672ms).
2023-11-11 01:35:54.355 INFO  [SpringApplicationShutdownHook] [com.zaxxer.hikari.HikariDataSource] - HikariPool-1 - Shutdown initiated...
2023-11-11 01:35:54.367 INFO  [SpringApplicationShutdownHook] [com.zaxxer.hikari.HikariDataSource] - HikariPool-1 - Shutdown completed.
2023-11-11 18:47:20.749 INFO  [restartedMain] [com.chunjae.test06.Test06Application] - Starting Test06Application using Java 17.0.8 on 192.168.nate.com with PID 3817 (/Users/otaehun/Desktop/chunjae_pro/5차 개인 프로젝트/LegoNego_Proj05/build/classes/java/main started by otaehun in /Users/otaehun/Desktop/chunjae_pro/5차 개인 프로젝트/LegoNego_Proj05)
2023-11-11 18:47:20.750 INFO  [restartedMain] [com.chunjae.test06.Test06Application] - No active profile set, falling back to 1 default profile: "default"
2023-11-11 18:47:20.794 INFO  [restartedMain] [o.s.b.d.e.DevToolsPropertyDefaultsPostProcessor] - Devtools property defaults active! Set 'spring.devtools.add-properties' to 'false' to disable
2023-11-11 18:47:20.794 INFO  [restartedMain] [o.s.b.d.e.DevToolsPropertyDefaultsPostProcessor] - For additional web related logging consider setting the 'logging.level.web' property to 'DEBUG'
2023-11-11 18:47:22.385 INFO  [restartedMain] [o.s.b.w.embedded.tomcat.TomcatWebServer] - Tomcat initialized with port(s): 8085 (http)
2023-11-11 18:47:22.391 INFO  [restartedMain] [o.apache.coyote.http11.Http11NioProtocol] - Initializing ProtocolHandler ["http-nio-8085"]
2023-11-11 18:47:22.392 INFO  [restartedMain] [org.apache.catalina.core.StandardService] - Starting service [Tomcat]
2023-11-11 18:47:22.392 INFO  [restartedMain] [org.apache.catalina.core.StandardEngine] - Starting Servlet engine: [Apache Tomcat/9.0.82]
2023-11-11 18:47:22.635 INFO  [restartedMain] [org.apache.jasper.servlet.TldScanner] - At least one JAR was scanned for TLDs yet contained no TLDs. Enable debug logging for this logger for a complete list of JARs that were scanned but no TLDs were found in them. Skipping unneeded JARs during scanning can improve startup time and JSP compilation time.
2023-11-11 18:47:22.639 INFO  [restartedMain] [o.a.c.c.C.[Tomcat].[localhost].[/]] - Initializing Spring embedded WebApplicationContext
2023-11-11 18:47:22.640 INFO  [restartedMain] [o.s.b.w.s.c.ServletWebServerApplicationContext] - Root WebApplicationContext: initialization completed in 1846 ms
2023-11-11 18:47:23.301 INFO  [restartedMain] [o.s.b.a.w.s.WelcomePageHandlerMapping] - Adding welcome page template: index
2023-11-11 18:47:23.541 INFO  [restartedMain] [o.s.s.web.DefaultSecurityFilterChain] - Will secure any request with [org.springframework.security.web.session.DisableEncodeUrlFilter@67f37506, org.springframework.security.web.context.request.async.WebAsyncManagerIntegrationFilter@1bbb1e16, org.springframework.security.web.context.SecurityContextPersistenceFilter@7b7e6de8, org.springframework.security.web.header.HeaderWriterFilter@5cf67018, org.springframework.security.web.authentication.logout.LogoutFilter@559d8991, org.springframework.security.web.authentication.UsernamePasswordAuthenticationFilter@2a7126a4, org.springframework.security.web.session.ConcurrentSessionFilter@249bf849, org.springframework.security.web.savedrequest.RequestCacheAwareFilter@4d47bf92, org.springframework.security.web.servletapi.SecurityContextHolderAwareRequestFilter@42af602f, org.springframework.security.web.authentication.AnonymousAuthenticationFilter@57cd123f, org.springframework.security.web.session.SessionManagementFilter@29053c2a, org.springframework.security.web.access.ExceptionTranslationFilter@7b0d0952, org.springframework.security.web.access.intercept.FilterSecurityInterceptor@71b0149b]
2023-11-11 18:47:23.745 INFO  [restartedMain] [o.s.b.d.a.OptionalLiveReloadServer] - LiveReload server is running on port 35729
2023-11-11 18:47:23.783 INFO  [restartedMain] [o.apache.coyote.http11.Http11NioProtocol] - Starting ProtocolHandler ["http-nio-8085"]
2023-11-11 18:47:23.813 INFO  [restartedMain] [o.s.b.w.embedded.tomcat.TomcatWebServer] - Tomcat started on port(s): 8085 (http) with context path ''
2023-11-11 18:47:23.828 INFO  [restartedMain] [com.chunjae.test06.Test06Application] - Started Test06Application in 3.481 seconds (JVM running for 4.352)
2023-11-11 18:47:26.786 INFO  [http-nio-8085-exec-1] [o.a.c.c.C.[Tomcat].[localhost].[/]] - Initializing Spring DispatcherServlet 'dispatcherServlet'
2023-11-11 18:47:26.788 INFO  [http-nio-8085-exec-1] [o.s.web.servlet.DispatcherServlet] - Initializing Servlet 'dispatcherServlet'
2023-11-11 18:47:26.797 INFO  [http-nio-8085-exec-1] [o.s.web.servlet.DispatcherServlet] - Completed initialization in 9 ms
2023-11-11 18:47:29.865 INFO  [http-nio-8085-exec-8] [com.zaxxer.hikari.HikariDataSource] - HikariPool-1 - Starting...
2023-11-11 18:47:29.940 INFO  [http-nio-8085-exec-8] [com.zaxxer.hikari.HikariDataSource] - HikariPool-1 - Start completed.
2023-11-11 18:49:42.863 INFO  [SpringApplicationShutdownHook] [com.zaxxer.hikari.HikariDataSource] - HikariPool-1 - Shutdown initiated...
2023-11-11 18:49:42.887 INFO  [SpringApplicationShutdownHook] [com.zaxxer.hikari.HikariDataSource] - HikariPool-1 - Shutdown completed.
2023-11-11 18:49:46.189 INFO  [restartedMain] [com.chunjae.test06.Test06Application] - Starting Test06Application using Java 17.0.8 on 192.168.nate.com with PID 3844 (/Users/otaehun/Desktop/chunjae_pro/5차 개인 프로젝트/LegoNego_Proj05/build/classes/java/main started by otaehun in /Users/otaehun/Desktop/chunjae_pro/5차 개인 프로젝트/LegoNego_Proj05)
2023-11-11 18:49:46.198 INFO  [restartedMain] [com.chunjae.test06.Test06Application] - No active profile set, falling back to 1 default profile: "default"
2023-11-11 18:49:46.261 INFO  [restartedMain] [o.s.b.d.e.DevToolsPropertyDefaultsPostProcessor] - Devtools property defaults active! Set 'spring.devtools.add-properties' to 'false' to disable
2023-11-11 18:49:46.261 INFO  [restartedMain] [o.s.b.d.e.DevToolsPropertyDefaultsPostProcessor] - For additional web related logging consider setting the 'logging.level.web' property to 'DEBUG'
2023-11-11 18:49:47.607 INFO  [restartedMain] [o.s.b.w.embedded.tomcat.TomcatWebServer] - Tomcat initialized with port(s): 8085 (http)
2023-11-11 18:49:47.613 INFO  [restartedMain] [o.apache.coyote.http11.Http11NioProtocol] - Initializing ProtocolHandler ["http-nio-8085"]
2023-11-11 18:49:47.614 INFO  [restartedMain] [org.apache.catalina.core.StandardService] - Starting service [Tomcat]
2023-11-11 18:49:47.614 INFO  [restartedMain] [org.apache.catalina.core.StandardEngine] - Starting Servlet engine: [Apache Tomcat/9.0.82]
2023-11-11 18:49:47.858 INFO  [restartedMain] [org.apache.jasper.servlet.TldScanner] - At least one JAR was scanned for TLDs yet contained no TLDs. Enable debug logging for this logger for a complete list of JARs that were scanned but no TLDs were found in them. Skipping unneeded JARs during scanning can improve startup time and JSP compilation time.
2023-11-11 18:49:47.862 INFO  [restartedMain] [o.a.c.c.C.[Tomcat].[localhost].[/]] - Initializing Spring embedded WebApplicationContext
2023-11-11 18:49:47.862 INFO  [restartedMain] [o.s.b.w.s.c.ServletWebServerApplicationContext] - Root WebApplicationContext: initialization completed in 1600 ms
2023-11-11 18:49:48.541 INFO  [restartedMain] [o.s.b.a.w.s.WelcomePageHandlerMapping] - Adding welcome page template: index
2023-11-11 18:49:48.764 INFO  [restartedMain] [o.s.s.web.DefaultSecurityFilterChain] - Will secure any request with [org.springframework.security.web.session.DisableEncodeUrlFilter@477abaac, org.springframework.security.web.context.request.async.WebAsyncManagerIntegrationFilter@7ed9ca14, org.springframework.security.web.context.SecurityContextPersistenceFilter@353e8d, org.springframework.security.web.header.HeaderWriterFilter@1b154459, org.springframework.security.web.authentication.logout.LogoutFilter@359c95ca, org.springframework.security.web.authentication.UsernamePasswordAuthenticationFilter@43cf4ab5, org.springframework.security.web.session.ConcurrentSessionFilter@771e1ae3, org.springframework.security.web.savedrequest.RequestCacheAwareFilter@3abbf036, org.springframework.security.web.servletapi.SecurityContextHolderAwareRequestFilter@291c4998, org.springframework.security.web.authentication.AnonymousAuthenticationFilter@2c1e286a, org.springframework.security.web.session.SessionManagementFilter@4b96f1be, org.springframework.security.web.access.ExceptionTranslationFilter@5ff9922e, org.springframework.security.web.access.intercept.FilterSecurityInterceptor@39ca837b]
2023-11-11 18:49:48.978 INFO  [restartedMain] [o.s.b.d.a.OptionalLiveReloadServer] - LiveReload server is running on port 35729
2023-11-11 18:49:49.003 INFO  [restartedMain] [o.apache.coyote.http11.Http11NioProtocol] - Starting ProtocolHandler ["http-nio-8085"]
2023-11-11 18:49:49.024 INFO  [restartedMain] [o.s.b.w.embedded.tomcat.TomcatWebServer] - Tomcat started on port(s): 8085 (http) with context path ''
2023-11-11 18:49:49.037 INFO  [restartedMain] [com.chunjae.test06.Test06Application] - Started Test06Application in 3.199 seconds (JVM running for 3.961)
2023-11-11 18:49:51.587 INFO  [http-nio-8085-exec-1] [o.a.c.c.C.[Tomcat].[localhost].[/]] - Initializing Spring DispatcherServlet 'dispatcherServlet'
2023-11-11 18:49:51.589 INFO  [http-nio-8085-exec-1] [o.s.web.servlet.DispatcherServlet] - Initializing Servlet 'dispatcherServlet'
2023-11-11 18:49:51.591 INFO  [http-nio-8085-exec-1] [o.s.web.servlet.DispatcherServlet] - Completed initialization in 2 ms
2023-11-11 18:50:18.900 INFO  [restartedMain] [com.chunjae.test06.Test06Application] - Starting Test06Application using Java 17.0.8 on 192.168.nate.com with PID 3851 (/Users/otaehun/Desktop/chunjae_pro/5차 개인 프로젝트/LegoNego_Proj05/build/classes/java/main started by otaehun in /Users/otaehun/Desktop/chunjae_pro/5차 개인 프로젝트/LegoNego_Proj05)
2023-11-11 18:50:18.908 INFO  [restartedMain] [com.chunjae.test06.Test06Application] - No active profile set, falling back to 1 default profile: "default"
2023-11-11 18:50:18.966 INFO  [restartedMain] [o.s.b.d.e.DevToolsPropertyDefaultsPostProcessor] - Devtools property defaults active! Set 'spring.devtools.add-properties' to 'false' to disable
2023-11-11 18:50:18.966 INFO  [restartedMain] [o.s.b.d.e.DevToolsPropertyDefaultsPostProcessor] - For additional web related logging consider setting the 'logging.level.web' property to 'DEBUG'
2023-11-11 18:50:20.287 INFO  [restartedMain] [o.s.b.w.embedded.tomcat.TomcatWebServer] - Tomcat initialized with port(s): 8085 (http)
2023-11-11 18:50:20.292 INFO  [restartedMain] [o.apache.coyote.http11.Http11NioProtocol] - Initializing ProtocolHandler ["http-nio-8085"]
2023-11-11 18:50:20.293 INFO  [restartedMain] [org.apache.catalina.core.StandardService] - Starting service [Tomcat]
2023-11-11 18:50:20.293 INFO  [restartedMain] [org.apache.catalina.core.StandardEngine] - Starting Servlet engine: [Apache Tomcat/9.0.82]
2023-11-11 18:50:20.523 INFO  [restartedMain] [org.apache.jasper.servlet.TldScanner] - At least one JAR was scanned for TLDs yet contained no TLDs. Enable debug logging for this logger for a complete list of JARs that were scanned but no TLDs were found in them. Skipping unneeded JARs during scanning can improve startup time and JSP compilation time.
2023-11-11 18:50:20.527 INFO  [restartedMain] [o.a.c.c.C.[Tomcat].[localhost].[/]] - Initializing Spring embedded WebApplicationContext
2023-11-11 18:50:20.527 INFO  [restartedMain] [o.s.b.w.s.c.ServletWebServerApplicationContext] - Root WebApplicationContext: initialization completed in 1560 ms
2023-11-11 18:50:21.182 INFO  [restartedMain] [o.s.b.a.w.s.WelcomePageHandlerMapping] - Adding welcome page template: index
2023-11-11 18:50:21.404 INFO  [restartedMain] [o.s.s.web.DefaultSecurityFilterChain] - Will secure any request with [org.springframework.security.web.session.DisableEncodeUrlFilter@560d2e14, org.springframework.security.web.context.request.async.WebAsyncManagerIntegrationFilter@64a1d1eb, org.springframework.security.web.context.SecurityContextPersistenceFilter@7c573cc4, org.springframework.security.web.header.HeaderWriterFilter@3e2f6fd, org.springframework.security.web.authentication.logout.LogoutFilter@541a803b, org.springframework.security.web.authentication.UsernamePasswordAuthenticationFilter@1484c355, org.springframework.security.web.session.ConcurrentSessionFilter@6761d100, org.springframework.security.web.savedrequest.RequestCacheAwareFilter@345c8e8c, org.springframework.security.web.servletapi.SecurityContextHolderAwareRequestFilter@5883bd5d, org.springframework.security.web.authentication.AnonymousAuthenticationFilter@1635ff44, org.springframework.security.web.session.SessionManagementFilter@30c9b2df, org.springframework.security.web.access.ExceptionTranslationFilter@7b638f31, org.springframework.security.web.access.intercept.FilterSecurityInterceptor@1fced9e8]
2023-11-11 18:50:21.578 INFO  [restartedMain] [o.s.b.d.a.OptionalLiveReloadServer] - LiveReload server is running on port 35729
2023-11-11 18:50:21.599 INFO  [restartedMain] [o.apache.coyote.http11.Http11NioProtocol] - Starting ProtocolHandler ["http-nio-8085"]
2023-11-11 18:50:21.619 INFO  [restartedMain] [o.s.b.w.embedded.tomcat.TomcatWebServer] - Tomcat started on port(s): 8085 (http) with context path ''
2023-11-11 18:50:21.632 INFO  [restartedMain] [com.chunjae.test06.Test06Application] - Started Test06Application in 3.088 seconds (JVM running for 3.828)
2023-11-11 18:50:24.583 INFO  [http-nio-8085-exec-1] [o.a.c.c.C.[Tomcat].[localhost].[/]] - Initializing Spring DispatcherServlet 'dispatcherServlet'
2023-11-11 18:50:24.584 INFO  [http-nio-8085-exec-1] [o.s.web.servlet.DispatcherServlet] - Initializing Servlet 'dispatcherServlet'
2023-11-11 18:50:24.586 INFO  [http-nio-8085-exec-1] [o.s.web.servlet.DispatcherServlet] - Completed initialization in 2 ms
2023-11-11 18:50:43.348 INFO  [restartedMain] [com.chunjae.test06.Test06Application] - Starting Test06Application using Java 17.0.8 on 192.168.nate.com with PID 3858 (/Users/otaehun/Desktop/chunjae_pro/5차 개인 프로젝트/LegoNego_Proj05/build/classes/java/main started by otaehun in /Users/otaehun/Desktop/chunjae_pro/5차 개인 프로젝트/LegoNego_Proj05)
2023-11-11 18:50:43.350 INFO  [restartedMain] [com.chunjae.test06.Test06Application] - No active profile set, falling back to 1 default profile: "default"
2023-11-11 18:50:43.395 INFO  [restartedMain] [o.s.b.d.e.DevToolsPropertyDefaultsPostProcessor] - Devtools property defaults active! Set 'spring.devtools.add-properties' to 'false' to disable
2023-11-11 18:50:43.395 INFO  [restartedMain] [o.s.b.d.e.DevToolsPropertyDefaultsPostProcessor] - For additional web related logging consider setting the 'logging.level.web' property to 'DEBUG'
2023-11-11 18:50:44.692 INFO  [restartedMain] [o.s.b.w.embedded.tomcat.TomcatWebServer] - Tomcat initialized with port(s): 8085 (http)
2023-11-11 18:50:44.697 INFO  [restartedMain] [o.apache.coyote.http11.Http11NioProtocol] - Initializing ProtocolHandler ["http-nio-8085"]
2023-11-11 18:50:44.698 INFO  [restartedMain] [org.apache.catalina.core.StandardService] - Starting service [Tomcat]
2023-11-11 18:50:44.698 INFO  [restartedMain] [org.apache.catalina.core.StandardEngine] - Starting Servlet engine: [Apache Tomcat/9.0.82]
2023-11-11 18:50:44.923 INFO  [restartedMain] [org.apache.jasper.servlet.TldScanner] - At least one JAR was scanned for TLDs yet contained no TLDs. Enable debug logging for this logger for a complete list of JARs that were scanned but no TLDs were found in them. Skipping unneeded JARs during scanning can improve startup time and JSP compilation time.
2023-11-11 18:50:44.927 INFO  [restartedMain] [o.a.c.c.C.[Tomcat].[localhost].[/]] - Initializing Spring embedded WebApplicationContext
2023-11-11 18:50:44.928 INFO  [restartedMain] [o.s.b.w.s.c.ServletWebServerApplicationContext] - Root WebApplicationContext: initialization completed in 1532 ms
2023-11-11 18:50:45.577 INFO  [restartedMain] [o.s.b.a.w.s.WelcomePageHandlerMapping] - Adding welcome page template: index
2023-11-11 18:50:45.800 INFO  [restartedMain] [o.s.s.web.DefaultSecurityFilterChain] - Will secure any request with [org.springframework.security.web.session.DisableEncodeUrlFilter@4b86f672, org.springframework.security.web.context.request.async.WebAsyncManagerIntegrationFilter@74c7f954, org.springframework.security.web.context.SecurityContextPersistenceFilter@559d8991, org.springframework.security.web.header.HeaderWriterFilter@77b3cc41, org.springframework.security.web.authentication.logout.LogoutFilter@f279ead, org.springframework.security.web.authentication.UsernamePasswordAuthenticationFilter@673b18be, org.springframework.security.web.session.ConcurrentSessionFilter@2b4321f0, org.springframework.security.web.savedrequest.RequestCacheAwareFilter@75d5140a, org.springframework.security.web.servletapi.SecurityContextHolderAwareRequestFilter@77176144, org.springframework.security.web.authentication.AnonymousAuthenticationFilter@647a9827, org.springframework.security.web.session.SessionManagementFilter@34b65b5d, org.springframework.security.web.access.ExceptionTranslationFilter@1cc356d3, org.springframework.security.web.access.intercept.FilterSecurityInterceptor@39413a0b]
2023-11-11 18:50:45.970 INFO  [restartedMain] [o.s.b.d.a.OptionalLiveReloadServer] - LiveReload server is running on port 35729
2023-11-11 18:50:45.994 INFO  [restartedMain] [o.apache.coyote.http11.Http11NioProtocol] - Starting ProtocolHandler ["http-nio-8085"]
2023-11-11 18:50:46.012 INFO  [restartedMain] [o.s.b.w.embedded.tomcat.TomcatWebServer] - Tomcat started on port(s): 8085 (http) with context path ''
2023-11-11 18:50:46.025 INFO  [restartedMain] [com.chunjae.test06.Test06Application] - Started Test06Application in 3.065 seconds (JVM running for 4.03)
2023-11-11 18:50:51.637 INFO  [http-nio-8085-exec-1] [o.a.c.c.C.[Tomcat].[localhost].[/]] - Initializing Spring DispatcherServlet 'dispatcherServlet'
2023-11-11 18:50:51.638 INFO  [http-nio-8085-exec-1] [o.s.web.servlet.DispatcherServlet] - Initializing Servlet 'dispatcherServlet'
2023-11-11 18:50:51.640 INFO  [http-nio-8085-exec-1] [o.s.web.servlet.DispatcherServlet] - Completed initialization in 2 ms
2023-11-11 18:52:02.032 INFO  [restartedMain] [com.chunjae.test06.Test06Application] - Starting Test06Application using Java 17.0.8 on 192.168.nate.com with PID 3899 (/Users/otaehun/Desktop/chunjae_pro/5차 개인 프로젝트/LegoNego_Proj05/build/classes/java/main started by otaehun in /Users/otaehun/Desktop/chunjae_pro/5차 개인 프로젝트/LegoNego_Proj05)
2023-11-11 18:52:02.039 INFO  [restartedMain] [com.chunjae.test06.Test06Application] - No active profile set, falling back to 1 default profile: "default"
2023-11-11 18:52:02.097 INFO  [restartedMain] [o.s.b.d.e.DevToolsPropertyDefaultsPostProcessor] - Devtools property defaults active! Set 'spring.devtools.add-properties' to 'false' to disable
2023-11-11 18:52:02.097 INFO  [restartedMain] [o.s.b.d.e.DevToolsPropertyDefaultsPostProcessor] - For additional web related logging consider setting the 'logging.level.web' property to 'DEBUG'
2023-11-11 18:52:03.406 INFO  [restartedMain] [o.s.b.w.embedded.tomcat.TomcatWebServer] - Tomcat initialized with port(s): 8085 (http)
2023-11-11 18:52:03.411 INFO  [restartedMain] [o.apache.coyote.http11.Http11NioProtocol] - Initializing ProtocolHandler ["http-nio-8085"]
2023-11-11 18:52:03.412 INFO  [restartedMain] [org.apache.catalina.core.StandardService] - Starting service [Tomcat]
2023-11-11 18:52:03.412 INFO  [restartedMain] [org.apache.catalina.core.StandardEngine] - Starting Servlet engine: [Apache Tomcat/9.0.82]
2023-11-11 18:52:03.645 INFO  [restartedMain] [org.apache.jasper.servlet.TldScanner] - At least one JAR was scanned for TLDs yet contained no TLDs. Enable debug logging for this logger for a complete list of JARs that were scanned but no TLDs were found in them. Skipping unneeded JARs during scanning can improve startup time and JSP compilation time.
2023-11-11 18:52:03.649 INFO  [restartedMain] [o.a.c.c.C.[Tomcat].[localhost].[/]] - Initializing Spring embedded WebApplicationContext
2023-11-11 18:52:03.649 INFO  [restartedMain] [o.s.b.w.s.c.ServletWebServerApplicationContext] - Root WebApplicationContext: initialization completed in 1552 ms
2023-11-11 18:52:04.309 INFO  [restartedMain] [o.s.b.a.w.s.WelcomePageHandlerMapping] - Adding welcome page template: index
2023-11-11 18:52:04.565 INFO  [restartedMain] [o.s.s.web.DefaultSecurityFilterChain] - Will secure any request with [org.springframework.security.web.session.DisableEncodeUrlFilter@346ce8b, org.springframework.security.web.context.request.async.WebAsyncManagerIntegrationFilter@448d289c, org.springframework.security.web.context.SecurityContextPersistenceFilter@105fbbd6, org.springframework.security.web.header.HeaderWriterFilter@5f2fad7, org.springframework.security.web.authentication.logout.LogoutFilter@3abbf036, org.springframework.security.web.authentication.UsernamePasswordAuthenticationFilter@5184295, org.springframework.security.web.session.ConcurrentSessionFilter@3213c07c, org.springframework.security.web.savedrequest.RequestCacheAwareFilter@cd3691a, org.springframework.security.web.servletapi.SecurityContextHolderAwareRequestFilter@7afb8024, org.springframework.security.web.authentication.AnonymousAuthenticationFilter@6b7c3f6d, org.springframework.security.web.session.SessionManagementFilter@559d8991, org.springframework.security.web.access.ExceptionTranslationFilter@2c91ae63, org.springframework.security.web.access.intercept.FilterSecurityInterceptor@4b86f672]
2023-11-11 18:52:04.749 INFO  [restartedMain] [o.s.b.d.a.OptionalLiveReloadServer] - LiveReload server is running on port 35729
2023-11-11 18:52:04.771 INFO  [restartedMain] [o.apache.coyote.http11.Http11NioProtocol] - Starting ProtocolHandler ["http-nio-8085"]
2023-11-11 18:52:04.794 INFO  [restartedMain] [o.s.b.w.embedded.tomcat.TomcatWebServer] - Tomcat started on port(s): 8085 (http) with context path ''
2023-11-11 18:52:04.808 INFO  [restartedMain] [com.chunjae.test06.Test06Application] - Started Test06Application in 3.122 seconds (JVM running for 3.851)
2023-11-11 18:52:05.767 INFO  [http-nio-8085-exec-1] [o.a.c.c.C.[Tomcat].[localhost].[/]] - Initializing Spring DispatcherServlet 'dispatcherServlet'
2023-11-11 18:52:05.768 INFO  [http-nio-8085-exec-1] [o.s.web.servlet.DispatcherServlet] - Initializing Servlet 'dispatcherServlet'
2023-11-11 18:52:05.769 INFO  [http-nio-8085-exec-1] [o.s.web.servlet.DispatcherServlet] - Completed initialization in 1 ms
2023-11-11 18:55:37.020 INFO  [restartedMain] [com.chunjae.test06.Test06Application] - Starting Test06Application using Java 17.0.8 on 192.168.nate.com with PID 3930 (/Users/otaehun/Desktop/chunjae_pro/5차 개인 프로젝트/LegoNego_Proj05/build/classes/java/main started by otaehun in /Users/otaehun/Desktop/chunjae_pro/5차 개인 프로젝트/LegoNego_Proj05)
2023-11-11 18:55:37.030 INFO  [restartedMain] [com.chunjae.test06.Test06Application] - No active profile set, falling back to 1 default profile: "default"
2023-11-11 18:55:37.091 INFO  [restartedMain] [o.s.b.d.e.DevToolsPropertyDefaultsPostProcessor] - Devtools property defaults active! Set 'spring.devtools.add-properties' to 'false' to disable
2023-11-11 18:55:37.091 INFO  [restartedMain] [o.s.b.d.e.DevToolsPropertyDefaultsPostProcessor] - For additional web related logging consider setting the 'logging.level.web' property to 'DEBUG'
2023-11-11 18:55:38.416 INFO  [restartedMain] [o.s.b.w.embedded.tomcat.TomcatWebServer] - Tomcat initialized with port(s): 8085 (http)
2023-11-11 18:55:38.421 INFO  [restartedMain] [o.apache.coyote.http11.Http11NioProtocol] - Initializing ProtocolHandler ["http-nio-8085"]
2023-11-11 18:55:38.422 INFO  [restartedMain] [org.apache.catalina.core.StandardService] - Starting service [Tomcat]
2023-11-11 18:55:38.422 INFO  [restartedMain] [org.apache.catalina.core.StandardEngine] - Starting Servlet engine: [Apache Tomcat/9.0.82]
2023-11-11 18:55:38.656 INFO  [restartedMain] [org.apache.jasper.servlet.TldScanner] - At least one JAR was scanned for TLDs yet contained no TLDs. Enable debug logging for this logger for a complete list of JARs that were scanned but no TLDs were found in them. Skipping unneeded JARs during scanning can improve startup time and JSP compilation time.
2023-11-11 18:55:38.660 INFO  [restartedMain] [o.a.c.c.C.[Tomcat].[localhost].[/]] - Initializing Spring embedded WebApplicationContext
2023-11-11 18:55:38.660 INFO  [restartedMain] [o.s.b.w.s.c.ServletWebServerApplicationContext] - Root WebApplicationContext: initialization completed in 1569 ms
2023-11-11 18:55:39.317 INFO  [restartedMain] [o.s.b.a.w.s.WelcomePageHandlerMapping] - Adding welcome page template: index
2023-11-11 18:55:39.547 INFO  [restartedMain] [o.s.s.web.DefaultSecurityFilterChain] - Will secure any request with [org.springframework.security.web.session.DisableEncodeUrlFilter@346ce8b, org.springframework.security.web.context.request.async.WebAsyncManagerIntegrationFilter@448d289c, org.springframework.security.web.context.SecurityContextPersistenceFilter@105fbbd6, org.springframework.security.web.header.HeaderWriterFilter@5f2fad7, org.springframework.security.web.authentication.logout.LogoutFilter@3abbf036, org.springframework.security.web.authentication.UsernamePasswordAuthenticationFilter@5184295, org.springframework.security.web.session.ConcurrentSessionFilter@3213c07c, org.springframework.security.web.savedrequest.RequestCacheAwareFilter@cd3691a, org.springframework.security.web.servletapi.SecurityContextHolderAwareRequestFilter@7afb8024, org.springframework.security.web.authentication.AnonymousAuthenticationFilter@6b7c3f6d, org.springframework.security.web.session.SessionManagementFilter@559d8991, org.springframework.security.web.access.ExceptionTranslationFilter@2c91ae63, org.springframework.security.web.access.intercept.FilterSecurityInterceptor@4b86f672]
2023-11-11 18:55:39.732 INFO  [restartedMain] [o.s.b.d.a.OptionalLiveReloadServer] - LiveReload server is running on port 35729
2023-11-11 18:55:39.754 INFO  [restartedMain] [o.apache.coyote.http11.Http11NioProtocol] - Starting ProtocolHandler ["http-nio-8085"]
2023-11-11 18:55:39.775 INFO  [restartedMain] [o.s.b.w.embedded.tomcat.TomcatWebServer] - Tomcat started on port(s): 8085 (http) with context path ''
2023-11-11 18:55:39.788 INFO  [restartedMain] [com.chunjae.test06.Test06Application] - Started Test06Application in 3.122 seconds (JVM running for 3.881)
2023-11-11 18:55:41.690 INFO  [http-nio-8085-exec-1] [o.a.c.c.C.[Tomcat].[localhost].[/]] - Initializing Spring DispatcherServlet 'dispatcherServlet'
2023-11-11 18:55:41.694 INFO  [http-nio-8085-exec-1] [o.s.web.servlet.DispatcherServlet] - Initializing Servlet 'dispatcherServlet'
2023-11-11 18:55:41.698 INFO  [http-nio-8085-exec-1] [o.s.web.servlet.DispatcherServlet] - Completed initialization in 4 ms
2023-11-11 18:55:50.962 WARN  [http-nio-8085-exec-6] [o.s.w.s.m.s.DefaultHandlerExceptionResolver] - Resolved [org.springframework.web.HttpRequestMethodNotSupportedException: Request method 'POST' not supported]
2023-11-11 19:37:45.441 INFO  [restartedMain] [com.chunjae.test06.Test06Application] - Starting Test06Application using Java 17.0.8 on otaehun-ui-MacBookAir.local with PID 3999 (/Users/otaehun/Desktop/chunjae_pro/5차 개인 프로젝트/LegoNego_Proj05/build/classes/java/main started by otaehun in /Users/otaehun/Desktop/chunjae_pro/5차 개인 프로젝트/LegoNego_Proj05)
2023-11-11 19:37:45.450 INFO  [restartedMain] [com.chunjae.test06.Test06Application] - No active profile set, falling back to 1 default profile: "default"
2023-11-11 19:37:45.507 INFO  [restartedMain] [o.s.b.d.e.DevToolsPropertyDefaultsPostProcessor] - Devtools property defaults active! Set 'spring.devtools.add-properties' to 'false' to disable
2023-11-11 19:37:45.508 INFO  [restartedMain] [o.s.b.d.e.DevToolsPropertyDefaultsPostProcessor] - For additional web related logging consider setting the 'logging.level.web' property to 'DEBUG'
2023-11-11 19:37:46.867 INFO  [restartedMain] [o.s.b.w.embedded.tomcat.TomcatWebServer] - Tomcat initialized with port(s): 8085 (http)
2023-11-11 19:37:46.872 INFO  [restartedMain] [o.apache.coyote.http11.Http11NioProtocol] - Initializing ProtocolHandler ["http-nio-8085"]
2023-11-11 19:37:46.873 INFO  [restartedMain] [org.apache.catalina.core.StandardService] - Starting service [Tomcat]
2023-11-11 19:37:46.874 INFO  [restartedMain] [org.apache.catalina.core.StandardEngine] - Starting Servlet engine: [Apache Tomcat/9.0.82]
2023-11-11 19:37:47.118 INFO  [restartedMain] [org.apache.jasper.servlet.TldScanner] - At least one JAR was scanned for TLDs yet contained no TLDs. Enable debug logging for this logger for a complete list of JARs that were scanned but no TLDs were found in them. Skipping unneeded JARs during scanning can improve startup time and JSP compilation time.
2023-11-11 19:37:47.122 INFO  [restartedMain] [o.a.c.c.C.[Tomcat].[localhost].[/]] - Initializing Spring embedded WebApplicationContext
2023-11-11 19:37:47.122 INFO  [restartedMain] [o.s.b.w.s.c.ServletWebServerApplicationContext] - Root WebApplicationContext: initialization completed in 1614 ms
2023-11-11 19:37:47.788 INFO  [restartedMain] [o.s.b.a.w.s.WelcomePageHandlerMapping] - Adding welcome page template: index
2023-11-11 19:37:48.008 INFO  [restartedMain] [o.s.s.web.DefaultSecurityFilterChain] - Will secure any request with [org.springframework.security.web.session.DisableEncodeUrlFilter@23dcdb22, org.springframework.security.web.context.request.async.WebAsyncManagerIntegrationFilter@775ee055, org.springframework.security.web.context.SecurityContextPersistenceFilter@4087831b, org.springframework.security.web.header.HeaderWriterFilter@17eec5ff, org.springframework.security.web.authentication.logout.LogoutFilter@18bf265c, org.springframework.security.web.authentication.UsernamePasswordAuthenticationFilter@5113c1a8, org.springframework.security.web.session.ConcurrentSessionFilter@48031d54, org.springframework.security.web.savedrequest.RequestCacheAwareFilter@7b0d0952, org.springframework.security.web.servletapi.SecurityContextHolderAwareRequestFilter@2095b04a, org.springframework.security.web.authentication.AnonymousAuthenticationFilter@a13fb4, org.springframework.security.web.session.SessionManagementFilter@2d038d1c, org.springframework.security.web.access.ExceptionTranslationFilter@247cff0c, org.springframework.security.web.access.intercept.FilterSecurityInterceptor@12c85f37]
2023-11-11 19:37:48.198 INFO  [restartedMain] [o.s.b.d.a.OptionalLiveReloadServer] - LiveReload server is running on port 35729
2023-11-11 19:37:48.224 INFO  [restartedMain] [o.apache.coyote.http11.Http11NioProtocol] - Starting ProtocolHandler ["http-nio-8085"]
2023-11-11 19:37:48.243 INFO  [restartedMain] [o.s.b.w.embedded.tomcat.TomcatWebServer] - Tomcat started on port(s): 8085 (http) with context path ''
2023-11-11 19:37:48.257 INFO  [restartedMain] [com.chunjae.test06.Test06Application] - Started Test06Application in 3.168 seconds (JVM running for 3.93)
2023-11-11 19:37:50.872 INFO  [http-nio-8085-exec-1] [o.a.c.c.C.[Tomcat].[localhost].[/]] - Initializing Spring DispatcherServlet 'dispatcherServlet'
2023-11-11 19:37:50.872 INFO  [http-nio-8085-exec-1] [o.s.web.servlet.DispatcherServlet] - Initializing Servlet 'dispatcherServlet'
2023-11-11 19:37:50.874 INFO  [http-nio-8085-exec-1] [o.s.web.servlet.DispatcherServlet] - Completed initialization in 2 ms
2023-11-11 19:39:04.074 INFO  [restartedMain] [com.chunjae.test06.Test06Application] - Starting Test06Application using Java 17.0.8 on otaehun-ui-MacBookAir.local with PID 4018 (/Users/otaehun/Desktop/chunjae_pro/5차 개인 프로젝트/LegoNego_Proj05/build/classes/java/main started by otaehun in /Users/otaehun/Desktop/chunjae_pro/5차 개인 프로젝트/LegoNego_Proj05)
2023-11-11 19:39:04.076 INFO  [restartedMain] [com.chunjae.test06.Test06Application] - No active profile set, falling back to 1 default profile: "default"
2023-11-11 19:39:04.120 INFO  [restartedMain] [o.s.b.d.e.DevToolsPropertyDefaultsPostProcessor] - Devtools property defaults active! Set 'spring.devtools.add-properties' to 'false' to disable
2023-11-11 19:39:04.121 INFO  [restartedMain] [o.s.b.d.e.DevToolsPropertyDefaultsPostProcessor] - For additional web related logging consider setting the 'logging.level.web' property to 'DEBUG'
2023-11-11 19:39:05.487 INFO  [restartedMain] [o.s.b.w.embedded.tomcat.TomcatWebServer] - Tomcat initialized with port(s): 8085 (http)
2023-11-11 19:39:05.493 INFO  [restartedMain] [o.apache.coyote.http11.Http11NioProtocol] - Initializing ProtocolHandler ["http-nio-8085"]
2023-11-11 19:39:05.494 INFO  [restartedMain] [org.apache.catalina.core.StandardService] - Starting service [Tomcat]
2023-11-11 19:39:05.494 INFO  [restartedMain] [org.apache.catalina.core.StandardEngine] - Starting Servlet engine: [Apache Tomcat/9.0.82]
2023-11-11 19:39:05.732 INFO  [restartedMain] [org.apache.jasper.servlet.TldScanner] - At least one JAR was scanned for TLDs yet contained no TLDs. Enable debug logging for this logger for a complete list of JARs that were scanned but no TLDs were found in them. Skipping unneeded JARs during scanning can improve startup time and JSP compilation time.
2023-11-11 19:39:05.736 INFO  [restartedMain] [o.a.c.c.C.[Tomcat].[localhost].[/]] - Initializing Spring embedded WebApplicationContext
2023-11-11 19:39:05.736 INFO  [restartedMain] [o.s.b.w.s.c.ServletWebServerApplicationContext] - Root WebApplicationContext: initialization completed in 1615 ms
2023-11-11 19:39:06.410 INFO  [restartedMain] [o.s.b.a.w.s.WelcomePageHandlerMapping] - Adding welcome page template: index
2023-11-11 19:39:06.650 INFO  [restartedMain] [o.s.s.web.DefaultSecurityFilterChain] - Will secure any request with [org.springframework.security.web.session.DisableEncodeUrlFilter@57cd123f, org.springframework.security.web.context.request.async.WebAsyncManagerIntegrationFilter@2133cda, org.springframework.security.web.context.SecurityContextPersistenceFilter@4d47bf92, org.springframework.security.web.header.HeaderWriterFilter@29053c2a, org.springframework.security.web.authentication.logout.LogoutFilter@75d5140a, org.springframework.security.web.authentication.UsernamePasswordAuthenticationFilter@35692bad, org.springframework.security.web.session.ConcurrentSessionFilter@5bea91a4, org.springframework.security.web.savedrequest.RequestCacheAwareFilter@4a3644bf, org.springframework.security.web.servletapi.SecurityContextHolderAwareRequestFilter@2ed531fc, org.springframework.security.web.authentication.AnonymousAuthenticationFilter@7e3432db, org.springframework.security.web.session.SessionManagementFilter@4b861c9b, org.springframework.security.web.access.ExceptionTranslationFilter@5cf67018, org.springframework.security.web.access.intercept.FilterSecurityInterceptor@78b9d3b6]
2023-11-11 19:39:06.839 INFO  [restartedMain] [o.s.b.d.a.OptionalLiveReloadServer] - LiveReload server is running on port 35729
2023-11-11 19:39:06.868 INFO  [restartedMain] [o.apache.coyote.http11.Http11NioProtocol] - Starting ProtocolHandler ["http-nio-8085"]
2023-11-11 19:39:06.889 INFO  [restartedMain] [o.s.b.w.embedded.tomcat.TomcatWebServer] - Tomcat started on port(s): 8085 (http) with context path ''
2023-11-11 19:39:06.903 INFO  [restartedMain] [com.chunjae.test06.Test06Application] - Started Test06Application in 3.232 seconds (JVM running for 4.184)
2023-11-11 19:39:11.179 INFO  [http-nio-8085-exec-1] [o.a.c.c.C.[Tomcat].[localhost].[/]] - Initializing Spring DispatcherServlet 'dispatcherServlet'
2023-11-11 19:39:11.180 INFO  [http-nio-8085-exec-1] [o.s.web.servlet.DispatcherServlet] - Initializing Servlet 'dispatcherServlet'
2023-11-11 19:39:11.182 INFO  [http-nio-8085-exec-1] [o.s.web.servlet.DispatcherServlet] - Completed initialization in 2 ms
2023-11-11 19:39:36.996 INFO  [restartedMain] [com.chunjae.test06.Test06Application] - Starting Test06Application using Java 17.0.8 on otaehun-ui-MacBookAir.local with PID 4027 (/Users/otaehun/Desktop/chunjae_pro/5차 개인 프로젝트/LegoNego_Proj05/build/classes/java/main started by otaehun in /Users/otaehun/Desktop/chunjae_pro/5차 개인 프로젝트/LegoNego_Proj05)
2023-11-11 19:39:37.004 INFO  [restartedMain] [com.chunjae.test06.Test06Application] - No active profile set, falling back to 1 default profile: "default"
2023-11-11 19:39:37.056 INFO  [restartedMain] [o.s.b.d.e.DevToolsPropertyDefaultsPostProcessor] - Devtools property defaults active! Set 'spring.devtools.add-properties' to 'false' to disable
2023-11-11 19:39:37.057 INFO  [restartedMain] [o.s.b.d.e.DevToolsPropertyDefaultsPostProcessor] - For additional web related logging consider setting the 'logging.level.web' property to 'DEBUG'
2023-11-11 19:39:38.365 INFO  [restartedMain] [o.s.b.w.embedded.tomcat.TomcatWebServer] - Tomcat initialized with port(s): 8085 (http)
2023-11-11 19:39:38.370 INFO  [restartedMain] [o.apache.coyote.http11.Http11NioProtocol] - Initializing ProtocolHandler ["http-nio-8085"]
2023-11-11 19:39:38.371 INFO  [restartedMain] [org.apache.catalina.core.StandardService] - Starting service [Tomcat]
2023-11-11 19:39:38.371 INFO  [restartedMain] [org.apache.catalina.core.StandardEngine] - Starting Servlet engine: [Apache Tomcat/9.0.82]
2023-11-11 19:39:38.605 INFO  [restartedMain] [org.apache.jasper.servlet.TldScanner] - At least one JAR was scanned for TLDs yet contained no TLDs. Enable debug logging for this logger for a complete list of JARs that were scanned but no TLDs were found in them. Skipping unneeded JARs during scanning can improve startup time and JSP compilation time.
2023-11-11 19:39:38.608 INFO  [restartedMain] [o.a.c.c.C.[Tomcat].[localhost].[/]] - Initializing Spring embedded WebApplicationContext
2023-11-11 19:39:38.609 INFO  [restartedMain] [o.s.b.w.s.c.ServletWebServerApplicationContext] - Root WebApplicationContext: initialization completed in 1552 ms
2023-11-11 19:39:39.264 INFO  [restartedMain] [o.s.b.a.w.s.WelcomePageHandlerMapping] - Adding welcome page template: index
2023-11-11 19:39:39.483 INFO  [restartedMain] [o.s.s.web.DefaultSecurityFilterChain] - Will secure any request with [org.springframework.security.web.session.DisableEncodeUrlFilter@60b6a7a3, org.springframework.security.web.context.request.async.WebAsyncManagerIntegrationFilter@67f37506, org.springframework.security.web.context.SecurityContextPersistenceFilter@5bea91a4, org.springframework.security.web.header.HeaderWriterFilter@2095b04a, org.springframework.security.web.authentication.logout.LogoutFilter@74ded3df, org.springframework.security.web.authentication.UsernamePasswordAuthenticationFilter@3bf9b6e5, org.springframework.security.web.session.ConcurrentSessionFilter@7e2bc3e2, org.springframework.security.web.savedrequest.RequestCacheAwareFilter@5c8b7e, org.springframework.security.web.servletapi.SecurityContextHolderAwareRequestFilter@4d47bf92, org.springframework.security.web.authentication.AnonymousAuthenticationFilter@1bbb1e16, org.springframework.security.web.session.SessionManagementFilter@3ad1f5bb, org.springframework.security.web.access.ExceptionTranslationFilter@103ecfe2, org.springframework.security.web.access.intercept.FilterSecurityInterceptor@34f0dcec]
2023-11-11 19:39:39.659 INFO  [restartedMain] [o.s.b.d.a.OptionalLiveReloadServer] - LiveReload server is running on port 35729
2023-11-11 19:39:39.680 INFO  [restartedMain] [o.apache.coyote.http11.Http11NioProtocol] - Starting ProtocolHandler ["http-nio-8085"]
2023-11-11 19:39:39.697 INFO  [restartedMain] [o.s.b.w.embedded.tomcat.TomcatWebServer] - Tomcat started on port(s): 8085 (http) with context path ''
2023-11-11 19:39:39.710 INFO  [restartedMain] [com.chunjae.test06.Test06Application] - Started Test06Application in 3.06 seconds (JVM running for 3.781)
2023-11-11 19:39:42.490 INFO  [http-nio-8085-exec-1] [o.a.c.c.C.[Tomcat].[localhost].[/]] - Initializing Spring DispatcherServlet 'dispatcherServlet'
2023-11-11 19:39:42.491 INFO  [http-nio-8085-exec-1] [o.s.web.servlet.DispatcherServlet] - Initializing Servlet 'dispatcherServlet'
2023-11-11 19:39:42.492 INFO  [http-nio-8085-exec-1] [o.s.web.servlet.DispatcherServlet] - Completed initialization in 1 ms
