2023-11-03 19:56:38.355 INFO  [restartedMain] [com.chunjae.test05.Test05Application] - Starting Test05Application using Java 17.0.8 with PID 62209 (/Users/otaehun/Desktop/chunjae_pro/5차 개인 프로젝트/test05/build/classes/java/main started by otaehun in /Users/otaehun/Desktop/chunjae_pro/5차 개인 프로젝트/test05)
2023-11-03 19:56:38.357 INFO  [restartedMain] [com.chunjae.test05.Test05Application] - No active profile set, falling back to 1 default profile: "default"
2023-11-03 19:56:38.405 INFO  [restartedMain] [o.s.b.d.e.DevToolsPropertyDefaultsPostProcessor] - Devtools property defaults active! Set 'spring.devtools.add-properties' to 'false' to disable
2023-11-03 19:56:38.406 INFO  [restartedMain] [o.s.b.d.e.DevToolsPropertyDefaultsPostProcessor] - For additional web related logging consider setting the 'logging.level.web' property to 'DEBUG'
2023-11-03 19:56:39.785 INFO  [restartedMain] [o.s.b.w.embedded.tomcat.TomcatWebServer] - Tomcat initialized with port(s): 8085 (http)
2023-11-03 19:56:39.792 INFO  [restartedMain] [o.apache.coyote.http11.Http11NioProtocol] - Initializing ProtocolHandler ["http-nio-8085"]
2023-11-03 19:56:39.794 INFO  [restartedMain] [o.apache.catalina.core.StandardService] - Starting service [Tomcat]
2023-11-03 19:56:39.794 INFO  [restartedMain] [org.apache.catalina.core.StandardEngine] - Starting Servlet engine: [Apache Tomcat/10.1.15]
2023-11-03 19:56:40.001 INFO  [restartedMain] [org.apache.jasper.servlet.TldScanner] - At least one JAR was scanned for TLDs yet contained no TLDs. Enable debug logging for this logger for a complete list of JARs that were scanned but no TLDs were found in them. Skipping unneeded JARs during scanning can improve startup time and JSP compilation time.
2023-11-03 19:56:40.005 INFO  [restartedMain] [o.a.c.c.C.[Tomcat].[localhost].[/]] - Initializing Spring embedded WebApplicationContext
2023-11-03 19:56:40.006 INFO  [restartedMain] [o.s.b.w.s.c.ServletWebServerApplicationContext] - Root WebApplicationContext: initialization completed in 1600 ms
2023-11-03 19:56:40.433 INFO  [restartedMain] [o.s.s.web.DefaultSecurityFilterChain] - Will secure any request with [org.springframework.security.web.session.DisableEncodeUrlFilter@23e00b4f, org.springframework.security.web.context.request.async.WebAsyncManagerIntegrationFilter@2c86050d, org.springframework.security.web.context.SecurityContextHolderFilter@65aa1d57, org.springframework.security.web.header.HeaderWriterFilter@7b64e782, org.springframework.web.filter.CorsFilter@4b56fc31, org.springframework.security.web.csrf.CsrfFilter@17b31b4d, org.springframework.security.web.authentication.logout.LogoutFilter@30ce2429, org.springframework.security.web.authentication.UsernamePasswordAuthenticationFilter@648f6398, org.springframework.security.web.savedrequest.RequestCacheAwareFilter@1ca76dcf, org.springframework.security.web.servletapi.SecurityContextHolderAwareRequestFilter@340ec180, org.springframework.security.web.authentication.AnonymousAuthenticationFilter@5584a33b, org.springframework.security.web.access.ExceptionTranslationFilter@78a50b34, org.springframework.security.web.access.intercept.AuthorizationFilter@7f8710fd]
2023-11-03 19:56:40.630 INFO  [restartedMain] [o.s.b.a.w.s.WelcomePageHandlerMapping] - Adding welcome page template: index
2023-11-03 19:56:40.816 INFO  [restartedMain] [o.s.b.d.a.OptionalLiveReloadServer] - LiveReload server is running on port 35729
2023-11-03 19:56:40.838 INFO  [restartedMain] [o.apache.coyote.http11.Http11NioProtocol] - Starting ProtocolHandler ["http-nio-8085"]
2023-11-03 19:56:40.864 INFO  [restartedMain] [o.s.b.w.embedded.tomcat.TomcatWebServer] - Tomcat started on port(s): 8085 (http) with context path ''
2023-11-03 19:56:40.876 INFO  [restartedMain] [com.chunjae.test05.Test05Application] - Started Test05Application in 2.885 seconds (process running for 4.799)
2023-11-03 20:08:35.563 INFO  [restartedMain] [com.chunjae.test05.Test05Application] - Starting Test05Application using Java 17.0.8 with PID 62267 (/Users/otaehun/Desktop/chunjae_pro/5차 개인 프로젝트/test05/build/classes/java/main started by otaehun in /Users/otaehun/Desktop/chunjae_pro/5차 개인 프로젝트/test05)
2023-11-03 20:08:35.565 INFO  [restartedMain] [com.chunjae.test05.Test05Application] - No active profile set, falling back to 1 default profile: "default"
2023-11-03 20:08:35.611 INFO  [restartedMain] [o.s.b.d.e.DevToolsPropertyDefaultsPostProcessor] - Devtools property defaults active! Set 'spring.devtools.add-properties' to 'false' to disable
2023-11-03 20:08:35.611 INFO  [restartedMain] [o.s.b.d.e.DevToolsPropertyDefaultsPostProcessor] - For additional web related logging consider setting the 'logging.level.web' property to 'DEBUG'
2023-11-03 20:08:37.010 INFO  [restartedMain] [o.s.b.w.embedded.tomcat.TomcatWebServer] - Tomcat initialized with port(s): 8085 (http)
2023-11-03 20:08:37.017 INFO  [restartedMain] [o.apache.coyote.http11.Http11NioProtocol] - Initializing ProtocolHandler ["http-nio-8085"]
2023-11-03 20:08:37.019 INFO  [restartedMain] [o.apache.catalina.core.StandardService] - Starting service [Tomcat]
2023-11-03 20:08:37.019 INFO  [restartedMain] [org.apache.catalina.core.StandardEngine] - Starting Servlet engine: [Apache Tomcat/10.1.15]
2023-11-03 20:08:37.226 INFO  [restartedMain] [org.apache.jasper.servlet.TldScanner] - At least one JAR was scanned for TLDs yet contained no TLDs. Enable debug logging for this logger for a complete list of JARs that were scanned but no TLDs were found in them. Skipping unneeded JARs during scanning can improve startup time and JSP compilation time.
2023-11-03 20:08:37.231 INFO  [restartedMain] [o.a.c.c.C.[Tomcat].[localhost].[/]] - Initializing Spring embedded WebApplicationContext
2023-11-03 20:08:37.231 INFO  [restartedMain] [o.s.b.w.s.c.ServletWebServerApplicationContext] - Root WebApplicationContext: initialization completed in 1620 ms
2023-11-03 20:08:37.657 INFO  [restartedMain] [o.s.s.web.DefaultSecurityFilterChain] - Will secure any request with [org.springframework.security.web.session.DisableEncodeUrlFilter@5f1d4524, org.springframework.security.web.context.request.async.WebAsyncManagerIntegrationFilter@7d1e903e, org.springframework.security.web.context.SecurityContextHolderFilter@70d49730, org.springframework.security.web.header.HeaderWriterFilter@5a47991c, org.springframework.web.filter.CorsFilter@bacf722, org.springframework.security.web.csrf.CsrfFilter@4c5ddf96, org.springframework.security.web.authentication.logout.LogoutFilter@45aa42ea, org.springframework.security.web.authentication.UsernamePasswordAuthenticationFilter@37f037f0, org.springframework.security.web.savedrequest.RequestCacheAwareFilter@12e3d62b, org.springframework.security.web.servletapi.SecurityContextHolderAwareRequestFilter@12275f96, org.springframework.security.web.authentication.AnonymousAuthenticationFilter@66845d2a, org.springframework.security.web.access.ExceptionTranslationFilter@40f15ac1, org.springframework.security.web.access.intercept.AuthorizationFilter@38317d4e]
2023-11-03 20:08:37.839 INFO  [restartedMain] [o.s.b.a.w.s.WelcomePageHandlerMapping] - Adding welcome page template: index
2023-11-03 20:08:37.949 WARN  [restartedMain] [o.s.b.a.t.ThymeleafAutoConfiguration$DefaultTemplateResolverConfiguration] - Cannot find template location: classpath:/templates/ (please add some templates, check your Thymeleaf configuration, or set spring.thymeleaf.check-template-location=false)
2023-11-03 20:08:38.031 INFO  [restartedMain] [o.s.b.d.a.OptionalLiveReloadServer] - LiveReload server is running on port 35729
2023-11-03 20:08:38.053 INFO  [restartedMain] [o.apache.coyote.http11.Http11NioProtocol] - Starting ProtocolHandler ["http-nio-8085"]
2023-11-03 20:08:38.073 INFO  [restartedMain] [o.s.b.w.embedded.tomcat.TomcatWebServer] - Tomcat started on port(s): 8085 (http) with context path ''
2023-11-03 20:08:38.082 INFO  [restartedMain] [com.chunjae.test05.Test05Application] - Started Test05Application in 2.864 seconds (process running for 4.801)
2023-11-03 20:13:48.120 INFO  [File Watcher] [o.s.b.d.a.LocalDevToolsAutoConfiguration$RestartingClassPathChangeChangedEventListener] - Restarting due to 26 class path changes (0 additions, 26 deletions, 0 modifications)
2023-11-03 20:13:48.150 INFO  [Thread-5] [o.apache.coyote.http11.Http11NioProtocol] - Pausing ProtocolHandler ["http-nio-8085"]
2023-11-03 20:13:48.151 INFO  [Thread-5] [o.apache.catalina.core.StandardService] - Stopping service [Tomcat]
2023-11-03 20:13:48.162 INFO  [Thread-5] [o.apache.coyote.http11.Http11NioProtocol] - Stopping ProtocolHandler ["http-nio-8085"]
2023-11-03 20:13:48.169 INFO  [Thread-5] [o.apache.coyote.http11.Http11NioProtocol] - Destroying ProtocolHandler ["http-nio-8085"]
2023-11-03 20:17:46.391 INFO  [restartedMain] [com.chunjae.legonego.Test05Application] - Starting Test05Application using Java 17.0.8 with PID 62332 (/Users/otaehun/Desktop/chunjae_pro/5차 개인 프로젝트/legonego/build/classes/java/main started by otaehun in /Users/otaehun/Desktop/chunjae_pro/5차 개인 프로젝트/legonego)
2023-11-03 20:17:46.394 INFO  [restartedMain] [com.chunjae.legonego.Test05Application] - No active profile set, falling back to 1 default profile: "default"
2023-11-03 20:17:46.448 INFO  [restartedMain] [o.s.b.d.e.DevToolsPropertyDefaultsPostProcessor] - Devtools property defaults active! Set 'spring.devtools.add-properties' to 'false' to disable
2023-11-03 20:17:46.448 INFO  [restartedMain] [o.s.b.d.e.DevToolsPropertyDefaultsPostProcessor] - For additional web related logging consider setting the 'logging.level.web' property to 'DEBUG'
2023-11-03 20:17:47.876 INFO  [restartedMain] [o.s.b.w.embedded.tomcat.TomcatWebServer] - Tomcat initialized with port(s): 8085 (http)
2023-11-03 20:17:47.882 INFO  [restartedMain] [o.apache.coyote.http11.Http11NioProtocol] - Initializing ProtocolHandler ["http-nio-8085"]
2023-11-03 20:17:47.883 INFO  [restartedMain] [o.apache.catalina.core.StandardService] - Starting service [Tomcat]
2023-11-03 20:17:47.883 INFO  [restartedMain] [org.apache.catalina.core.StandardEngine] - Starting Servlet engine: [Apache Tomcat/10.1.15]
2023-11-03 20:17:48.094 INFO  [restartedMain] [org.apache.jasper.servlet.TldScanner] - At least one JAR was scanned for TLDs yet contained no TLDs. Enable debug logging for this logger for a complete list of JARs that were scanned but no TLDs were found in them. Skipping unneeded JARs during scanning can improve startup time and JSP compilation time.
2023-11-03 20:17:48.099 INFO  [restartedMain] [o.a.c.c.C.[Tomcat].[localhost].[/]] - Initializing Spring embedded WebApplicationContext
2023-11-03 20:17:48.100 INFO  [restartedMain] [o.s.b.w.s.c.ServletWebServerApplicationContext] - Root WebApplicationContext: initialization completed in 1650 ms
2023-11-03 20:17:48.533 INFO  [restartedMain] [o.s.s.web.DefaultSecurityFilterChain] - Will secure any request with [org.springframework.security.web.session.DisableEncodeUrlFilter@7c20d357, org.springframework.security.web.context.request.async.WebAsyncManagerIntegrationFilter@21d3d19d, org.springframework.security.web.context.SecurityContextHolderFilter@23bc81af, org.springframework.security.web.header.HeaderWriterFilter@28952bf1, org.springframework.web.filter.CorsFilter@5b996a18, org.springframework.security.web.csrf.CsrfFilter@77754b6d, org.springframework.security.web.authentication.logout.LogoutFilter@18ca028b, org.springframework.security.web.authentication.UsernamePasswordAuthenticationFilter@7e2675c3, org.springframework.security.web.savedrequest.RequestCacheAwareFilter@72791a1f, org.springframework.security.web.servletapi.SecurityContextHolderAwareRequestFilter@2d7d3e7f, org.springframework.security.web.authentication.AnonymousAuthenticationFilter@6e5240c8, org.springframework.security.web.access.ExceptionTranslationFilter@52099326, org.springframework.security.web.access.intercept.AuthorizationFilter@178b97ec]
2023-11-03 20:17:48.775 INFO  [restartedMain] [o.s.b.a.w.s.WelcomePageHandlerMapping] - Adding welcome page template: index
2023-11-03 20:17:48.896 WARN  [restartedMain] [o.s.b.a.t.ThymeleafAutoConfiguration$DefaultTemplateResolverConfiguration] - Cannot find template location: classpath:/templates/ (please add some templates, check your Thymeleaf configuration, or set spring.thymeleaf.check-template-location=false)
2023-11-03 20:17:48.974 INFO  [restartedMain] [o.s.b.d.a.OptionalLiveReloadServer] - LiveReload server is running on port 35729
2023-11-03 20:17:49.014 INFO  [restartedMain] [o.apache.coyote.http11.Http11NioProtocol] - Starting ProtocolHandler ["http-nio-8085"]
2023-11-03 20:17:49.040 INFO  [restartedMain] [o.s.b.w.embedded.tomcat.TomcatWebServer] - Tomcat started on port(s): 8085 (http) with context path ''
2023-11-03 20:17:49.051 INFO  [restartedMain] [com.chunjae.legonego.Test05Application] - Started Test05Application in 3.382 seconds (process running for 5.612)
